\BOOKMARK [1][-]{section.1}{Early Chapters}{}% 1
\BOOKMARK [2][-]{subsection.1.1}{Dot Products}{section.1}% 2
\BOOKMARK [2][-]{subsection.1.2}{Cross Products}{section.1}% 3
\BOOKMARK [2][-]{subsection.1.3}{Vector/Parametric Forms of Lines}{section.1}% 4
\BOOKMARK [2][-]{subsection.1.4}{Vector and 3D Functions}{section.1}% 5
\BOOKMARK [3][-]{subsubsection.1.4.1}{Tangent Planes and Linearization}{subsection.1.4}% 6
\BOOKMARK [3][-]{subsubsection.1.4.2}{Quadratic Approximation}{subsection.1.4}% 7
\BOOKMARK [3][-]{subsubsection.1.4.3}{Contour Maps}{subsection.1.4}% 8
\BOOKMARK [1][-]{section.2}{The Multidimensional Chain Rule}{}% 9
\BOOKMARK [1][-]{section.3}{The Gradient and Directional Derivatives}{}% 10
\BOOKMARK [2][-]{subsection.3.1}{Directional Derivatives}{section.3}% 11
\BOOKMARK [2][-]{subsection.3.2}{Why the Gradient Gives the Direction of Steepest Ascent}{section.3}% 12
\BOOKMARK [2][-]{subsection.3.3}{Vector Fields}{section.3}% 13
\BOOKMARK [2][-]{subsection.3.4}{Tangent Planes to Level Surfaces}{section.3}% 14
\BOOKMARK [1][-]{section.4}{Optimization}{}% 15
\BOOKMARK [2][-]{subsection.4.1}{Finding Local Extrema}{section.4}% 16
\BOOKMARK [2][-]{subsection.4.2}{Finding Absolute Extrema}{section.4}% 17
\BOOKMARK [2][-]{subsection.4.3}{Constrained Optimization}{section.4}% 18
\BOOKMARK [2][-]{subsection.4.4}{Constrained Optimization With Two Constraints}{section.4}% 19
\BOOKMARK [1][-]{section.5}{Multiple Integrals}{}% 20
\BOOKMARK [2][-]{subsection.5.1}{Iterated Integrals}{section.5}% 21
\BOOKMARK [2][-]{subsection.5.2}{Integrating Over a General Region}{section.5}% 22
\BOOKMARK [2][-]{subsection.5.3}{Changing Order of Iterated Integrals}{section.5}% 23
\BOOKMARK [2][-]{subsection.5.4}{A Few Application of Double Integrals}{section.5}% 24
\BOOKMARK [3][-]{subsubsection.5.4.1}{Area of 2D Domains}{subsection.5.4}% 25
\BOOKMARK [3][-]{subsubsection.5.4.2}{Surface area}{subsection.5.4}% 26
\BOOKMARK [2][-]{subsection.5.5}{Integrals in Polar Coordinates}{section.5}% 27
\BOOKMARK [2][-]{subsection.5.6}{Triple Integrals}{section.5}% 28
\BOOKMARK [3][-]{subsubsection.5.6.1}{Triple Integrals Over General Regions}{subsection.5.6}% 29
\BOOKMARK [2][-]{subsection.5.7}{Integrals in Cylindrical, Spherical coordinates, and the Jacobian}{section.5}% 30
\BOOKMARK [3][-]{subsubsection.5.7.1}{Cylindrical}{subsection.5.7}% 31
\BOOKMARK [3][-]{subsubsection.5.7.2}{Spherical}{subsection.5.7}% 32
\BOOKMARK [3][-]{subsubsection.5.7.3}{The Jacobian}{subsection.5.7}% 33
\BOOKMARK [1][-]{section.6}{Vector Calculus}{}% 34
\BOOKMARK [2][-]{subsection.6.1}{Divergence and Curl}{section.6}% 35
\BOOKMARK [3][-]{subsubsection.6.1.1}{Computing Divergence}{subsection.6.1}% 36
\BOOKMARK [3][-]{subsubsection.6.1.2}{Computing Curl}{subsection.6.1}% 37
\BOOKMARK [2][-]{subsection.6.2}{The "real" definition of divergence and curl}{section.6}% 38
\BOOKMARK [2][-]{subsection.6.3}{Line Integrals}{section.6}% 39
\BOOKMARK [3][-]{subsubsection.6.3.1}{Over Scalar Spaces}{subsection.6.3}% 40
\BOOKMARK [3][-]{subsubsection.6.3.2}{Over Vector Fields}{subsection.6.3}% 41
\BOOKMARK [3][-]{subsubsection.6.3.3}{The Fundamental Theorem of Line Integrals}{subsection.6.3}% 42
